--------------------------------------------------------------------------------------------------------------------------------------------
      name:  labour_winter_pset1_Po_Jui_Huang
       log:  C:\Users\user0522\Documents\GitHub\predoc-coding-sample-Po-Jui-Huang\labour_econ_winter_pset\labour_winter_pset1_Po-Jui_Huang.l
> og
  log type:  text
 opened on:  30 Jan 2026, 23:17:46

. 
. /*===== generate variables & declare varlist =====*/
. gen away = home_team == opp_team

. gen away_team = away * team
(133,390 missing values generated)

. replace away_team = opp_team if away_team == ""
(133,375 real changes made)

. 
. encode home_team, generate(home_team_code)

. encode away_team, generate(away_team_code)

. encode team, gen(team_code)

. 
. egen game_id = group(edate year home_team_code away_team_code)
(15 missing values generated)

. encode player_id, gen(player)

. 
. gen black = 0

. replace black = 1 if blackplayer == "Black"
(214,291 real changes made)

. 
. /*===== balance test =====*/
. // generate daily game level data
. preserve

. 
. gen blackstarter = black * starter

. gen blackstarter_away = blackstarter * away

. gen blackstarter_home = blackstarter * home

. 
. gen out_cont_away = out_cont * away

. gen out_cont_home = out_cont * home

. 
. collapse (mean) fracwhite (mean) year (mean) home_team_code (sum) out_cont_home (sum) blackstarter_home (mean) away_team_code (sum) out_co
> nt_away (sum) blackstarter_away (mean) attend, by(game_id)

. 
. replace out_cont_home = 1 if out_cont_home > 1
(821 real changes made)

. replace out_cont_away = 1 if out_cont_away > 1
(817 real changes made)

. 
. gen home_team_year = home_team_code * year

. gen away_team_year = away_team_code * year
(1 missing value generated)

. 
. global blackstarter_li blackstarter_home blackstarter_away

. global out_cont_li out_cont_home out_cont_away

. global team_fe home_team_code away_team_code

. global team_year_fe home_team_year away_team_year

. 
. // balance test
. eststo: reg fracwhite year

      Source |       SS           df       MS      Number of obs   =    13,325
-------------+----------------------------------   F(1, 13323)     =    582.72
       Model |  37.7290514         1  37.7290514   Prob > F        =    0.0000
    Residual |  862.618064    13,323  .064746533   R-squared       =    0.0419
-------------+----------------------------------   Adj R-squared   =    0.0418
       Total |  900.347116    13,324  .067573335   Root MSE        =    .25445

------------------------------------------------------------------------------
   fracwhite |      Coef.   Std. Err.      t    P>|t|     [95% Conf. Interval]
-------------+----------------------------------------------------------------
        year |  -.0136966   .0005674   -24.14   0.000    -.0148087   -.0125844
       _cons |   28.03031   1.133078    24.74   0.000     25.80931     30.2513
------------------------------------------------------------------------------
(est6 stored)

. eststo: reg fracwhite year $blackstarter_li

      Source |       SS           df       MS      Number of obs   =    13,325
-------------+----------------------------------   F(3, 13321)     =    194.32
       Model |  37.7501977         3  12.5833992   Prob > F        =    0.0000
    Residual |  862.596918    13,321  .064754667   R-squared       =    0.0419
-------------+----------------------------------   Adj R-squared   =    0.0417
       Total |  900.347116    13,324  .067573335   Root MSE        =    .25447

-----------------------------------------------------------------------------------
        fracwhite |      Coef.   Std. Err.      t    P>|t|     [95% Conf. Interval]
------------------+----------------------------------------------------------------
             year |  -.0136632   .0005708   -23.94   0.000    -.0147821   -.0125443
blackstarter_home |   .0013405   .0026014     0.52   0.606    -.0037586    .0064397
blackstarter_away |   .0006497    .002594     0.25   0.802    -.0044349    .0057342
            _cons |   27.95532   1.141717    24.49   0.000     25.71739    30.19325
-----------------------------------------------------------------------------------
(est7 stored)

. test $blackstarter_li

 ( 1)  blackstarter_home = 0
 ( 2)  blackstarter_away = 0

       F(  2, 13321) =    0.16
            Prob > F =    0.8494

. estadd scalar col_2_1 = r(p)

added scalar:
            e(col_2_1) =  .84935511

. test $blackstarter_li

 ( 1)  blackstarter_home = 0
 ( 2)  blackstarter_away = 0

       F(  2, 13321) =    0.16
            Prob > F =    0.8494

. estadd scalar col_2_2 = r(p)

added scalar:
            e(col_2_2) =  .84935511

. eststo: reg fracwhite year $blackstarter_li $out_cont_li

      Source |       SS           df       MS      Number of obs   =    13,325
-------------+----------------------------------   F(5, 13319)     =    116.70
       Model |  37.7885523         5  7.55771047   Prob > F        =    0.0000
    Residual |  862.558563    13,319  .064761511   R-squared       =    0.0420
-------------+----------------------------------   Adj R-squared   =    0.0416
       Total |  900.347116    13,324  .067573335   Root MSE        =    .25448

-----------------------------------------------------------------------------------
        fracwhite |      Coef.   Std. Err.      t    P>|t|     [95% Conf. Interval]
------------------+----------------------------------------------------------------
             year |  -.0136699   .0005709   -23.94   0.000     -.014789   -.0125508
blackstarter_home |   .0013599    .002602     0.52   0.601    -.0037403    .0064601
blackstarter_away |   .0007059   .0025952     0.27   0.786     -.004381    .0057928
    out_cont_home |   -.000692   .0094278    -0.07   0.941    -.0191718    .0177879
    out_cont_away |  -.0068828   .0094534    -0.73   0.467    -.0254127    .0116471
            _cons |   27.96886   1.141915    24.49   0.000     25.73054    30.20717
-----------------------------------------------------------------------------------
(est8 stored)

. test $out_cont_li

 ( 1)  out_cont_home = 0
 ( 2)  out_cont_away = 0

       F(  2, 13319) =    0.30
            Prob > F =    0.7437

. estadd scalar col_3_1 = r(p)

added scalar:
            e(col_3_1) =  .74370147

. test $blackstarter_li $out_cont_li

 ( 1)  blackstarter_home = 0
 ( 2)  blackstarter_away = 0
 ( 3)  out_cont_home = 0
 ( 4)  out_cont_away = 0

       F(  4, 13319) =    0.23
            Prob > F =    0.9218

. estadd scalar col_3_2 = r(p)

added scalar:
            e(col_3_2) =  .92184729

. eststo: reg fracwhite year $blackstarter_li $out_cont_li $team_fe

      Source |       SS           df       MS      Number of obs   =    13,324
-------------+----------------------------------   F(7, 13316)     =     83.75
       Model |  37.9668846         7  5.42384066   Prob > F        =    0.0000
    Residual |  862.325523    13,316    .0647586   R-squared       =    0.0422
-------------+----------------------------------   Adj R-squared   =    0.0417
       Total |  900.292408    13,323  .067574301   Root MSE        =    .25448

-----------------------------------------------------------------------------------
        fracwhite |      Coef.   Std. Err.      t    P>|t|     [95% Conf. Interval]
------------------+----------------------------------------------------------------
             year |  -.0136772   .0005715   -23.93   0.000    -.0147974   -.0125571
blackstarter_home |    .001111   .0026164     0.42   0.671    -.0040175    .0062395
blackstarter_away |    .000987   .0026107     0.38   0.705    -.0041303    .0061043
    out_cont_home |  -.0010094   .0094298    -0.11   0.915    -.0194931    .0174742
    out_cont_away |   -.006542   .0094553    -0.69   0.489    -.0250758    .0119918
   home_team_code |  -.0002266   .0002482    -0.91   0.361    -.0007131    .0002599
   away_team_code |   .0003611   .0002482     1.45   0.146    -.0001254    .0008476
            _cons |   27.98093   1.142696    24.49   0.000     25.74109    30.22078
-----------------------------------------------------------------------------------
(est9 stored)

. test $team_fe

 ( 1)  home_team_code = 0
 ( 2)  away_team_code = 0

       F(  2, 13316) =    1.51
            Prob > F =    0.2218

. estadd scalar col_4_1 = r(p)

added scalar:
            e(col_4_1) =  .22175816

. test $blackstarter_li $out_cont_li $team_fe

 ( 1)  blackstarter_home = 0
 ( 2)  blackstarter_away = 0
 ( 3)  out_cont_home = 0
 ( 4)  out_cont_away = 0
 ( 5)  home_team_code = 0
 ( 6)  away_team_code = 0

       F(  6, 13316) =    0.65
            Prob > F =    0.6880

. estadd scalar col_4_2 = r(p)

added scalar:
            e(col_4_2) =  .68801858

. eststo: reg fracwhite year $blackstarter_li $out_cont_li $team_fe $team_year_fe

      Source |       SS           df       MS      Number of obs   =    13,324
-------------+----------------------------------   F(9, 13314)     =     65.45
       Model |  38.1435634         9  4.23817371   Prob > F        =    0.0000
    Residual |  862.148845    13,314  .064755058   R-squared       =    0.0424
-------------+----------------------------------   Adj R-squared   =    0.0417
       Total |  900.292408    13,323  .067574301   Root MSE        =    .25447

-----------------------------------------------------------------------------------
        fracwhite |      Coef.   Std. Err.      t    P>|t|     [95% Conf. Interval]
------------------+----------------------------------------------------------------
             year |  -.0145329    .001593    -9.12   0.000    -.0176554   -.0114104
blackstarter_home |   .0012092    .002617     0.46   0.644    -.0039205    .0063389
blackstarter_away |   .0009072   .0026111     0.35   0.728     -.004211    .0060254
    out_cont_home |  -.0015282   .0094405    -0.16   0.871     -.020033    .0169766
    out_cont_away |   -.005763    .009467    -0.61   0.543    -.0243197    .0127936
   home_team_code |   .0924753   .1297579     0.71   0.476    -.1618686    .3468192
   away_team_code |     -.1905   .1296296    -1.47   0.142    -.4445924    .0635924
   home_team_year |  -.0000464    .000065    -0.71   0.475    -.0001738    .0000809
   away_team_year |   .0000956   .0000649     1.47   0.141    -.0000317    .0002228
            _cons |   29.68945     3.1814     9.33   0.000     23.45345    35.92545
-----------------------------------------------------------------------------------
(est10 stored)

. test $team_year_fe

 ( 1)  home_team_year = 0
 ( 2)  away_team_year = 0

       F(  2, 13314) =    1.36
            Prob > F =    0.2556

. estadd scalar col_5_1 = r(p)

added scalar:
            e(col_5_1) =  .25561868

. test $blackstarter_li $out_cont_li $team_fe $team_year_fe

 ( 1)  blackstarter_home = 0
 ( 2)  blackstarter_away = 0
 ( 3)  out_cont_home = 0
 ( 4)  out_cont_away = 0
 ( 5)  home_team_code = 0
 ( 6)  away_team_code = 0
 ( 7)  home_team_year = 0
 ( 8)  away_team_year = 0

       F(  8, 13314) =    0.83
            Prob > F =    0.5754

. estadd scalar col_5_2 = r(p)

added scalar:
            e(col_5_2) =  .57541287

. 
. esttab using "./replicate_table.tex", replace label title (Balance Test Table \label{tab1}) cells("p(fmt(2))") drop(_cons) ar2 stats(col_2
> _1 col_2_2 col_3_1 col_3_2 col_4_1 col_4_2 col_5_1 col_5_2)
(output written to ./replicate_table.tex)

. 
. est clear

. 
. restore

. 
. /*===== question 5: replicate regression table =====*/
. // necesary variables for model 1
. global controls age all_star starter home attend out_cont coach_black

. global player_fe height weight center 

. global referee_fe ref1_id ref2_id ref3_id

. global player_perf p_min p_assists p_blocks p_rbd p_rbo p_steals p_turnover ///
>                   p_fta p_fg2a p_fg3a p_fouls p_fg2per p_fg3per p_ftper

. global indicator p_zerofg2per p_zerofg3per p_zeroftper

. 
. // generate interaction terms
. foreach v of global controls{
  2.     gen fracwhite_`v' = `v' * fracwhite
  3. }

. 
. foreach v of global player_fe{
  2.     gen fracwhite_`v' = `v' * fracwhite
  3. }

. 
. foreach v of global referee_fe{
  2.     gen fracwhite_`v' = `v' * fracwhite
  3. }

. 
. foreach v of global player_perf{
  2.     gen fracwhite_`v' = `v' * fracwhite
  3. }

. 
. foreach v of global indicator{
  2.         gen fracwhite_`v' = `v' * fracwhite
  3. }

. 
. // additional variables for model 2
. global indicator_interaction fracwhite_p_zeroftper fracwhite_p_zerofg3per fracwhite_p_zerofg2per

. 
. global perf_interaction fracwhite_p_ftper fracwhite_p_fg3per fracwhite_p_fg2per fracwhite_p_fouls fracwhite_p_fg3a ///
>  fracwhite_p_fg2a fracwhite_p_fta fracwhite_p_turnover fracwhite_p_steals fracwhite_p_rbo ///
>  fracwhite_p_rbd fracwhite_p_blocks fracwhite_p_assists fracwhite_p_min 

.  
. global ref_interaction fracwhite_ref3_id fracwhite_ref2_id fracwhite_ref1_id 

.  
. global player_interaction fracwhite_center fracwhite_weight fracwhite_height 

.  
. global control_interaction fracwhite_coach_black fracwhite_out_cont fracwhite_attend fracwhite_starter fracwhite_all_star fracwhite_age fr
> acwhite_home

. 
. // additional variables for model 3
. gen player_year = player * year

. gen home_black = home * black

. gen team_game = team_code * game_id
(15 missing values generated)

. 
. /*===== estimation =====*/
. // model 1
. eststo: reghdfe fouls_rate i.black##c.fracwhite $controls $player_fe  [aw=min], ///
>     absorb(player year $referee_fe) vce(cluster game_id)
(dropped 12 singleton observations)
(MWFE estimator converged in 14 iterations)
note: 1bn.black is probably collinear with the fixed effects (all partialled-out values are close to zero; tol = 1.0e-09)
note: fracwhite is probably collinear with the fixed effects (all partialled-out values are close to zero; tol = 1.0e-09)
note: height is probably collinear with the fixed effects (all partialled-out values are close to zero; tol = 1.0e-09)
note: weight is probably collinear with the fixed effects (all partialled-out values are close to zero; tol = 1.0e-09)
note: center is probably collinear with the fixed effects (all partialled-out values are close to zero; tol = 1.0e-09)

HDFE Linear regression                            Number of obs   =    266,957
Absorbing 5 HDFE groups                           F(   8,  13323) =     719.65
Statistics robust to heteroskedasticity           Prob > F        =     0.0000
                                                  R-squared       =     0.1844
                                                  Adj R-squared   =     0.1799
                                                  Within R-sq.    =     0.0186
Number of clusters (game_id) =     13,324         Root MSE        =     3.0247

                                (Std. Err. adjusted for 13,324 clusters in game_id)
-----------------------------------------------------------------------------------
                  |               Robust
       fouls_rate |      Coef.   Std. Err.      t    P>|t|     [95% Conf. Interval]
------------------+----------------------------------------------------------------
          1.black |          0  (omitted)
        fracwhite |          0  (omitted)
                  |
black#c.fracwhite |
               1  |   .1982942   .0567772     3.49   0.000     .0870027    .3095856
                  |
              age |  -.7264322   .0470774   -15.43   0.000    -.8187106   -.6341538
         all_star |  -.3819376   .0202874   -18.83   0.000    -.4217037   -.3421715
          starter |  -.9875583    .014622   -67.54   0.000     -1.01622   -.9588971
             home |  -.1255048   .0090258   -13.91   0.000    -.1431966   -.1078129
           attend |   .0083333   .0016523     5.04   0.000     .0050947     .011572
         out_cont |  -.1307091   .0250625    -5.22   0.000    -.1798353    -.081583
      coach_black |  -.1061483   .0149809    -7.09   0.000    -.1355129   -.0767837
           height |          0  (omitted)
           weight |          0  (omitted)
           center |          0  (omitted)
            _cons |   25.27619    1.31162    19.27   0.000     22.70523    27.84715
-----------------------------------------------------------------------------------

Absorbed degrees of freedom:
-----------------------------------------------------+
 Absorbed FE | Categories  - Redundant  = Num. Coefs |
-------------+---------------------------------------|
      player |      1178           0        1178     |
        year |        12           1          11     |
     ref1_id |        92           1          91    ?|
     ref2_id |        94           5          89    ?|
     ref3_id |        93           2          91    ?|
-----------------------------------------------------+
? = number of redundant parameters may be higher
(est1 stored)

. 
. // model 2
. eststo: reghdfe fouls_rate c.fracwhite##i.black $controls $player_fe $player_perf $indicator $indicator_interaction $perf_interaction $ref
> _interaction $player_interaction $control_interaction [aw=min], absorb($referee_fe player year) 
(dropped 12 singleton observations)
(MWFE estimator converged in 15 iterations)
note: fracwhite is probably collinear with the fixed effects (all partialled-out values are close to zero; tol = 1.0e-09)
note: 1bn.black is probably collinear with the fixed effects (all partialled-out values are close to zero; tol = 1.0e-09)
note: height is probably collinear with the fixed effects (all partialled-out values are close to zero; tol = 1.0e-09)
note: weight is probably collinear with the fixed effects (all partialled-out values are close to zero; tol = 1.0e-09)
note: center is probably collinear with the fixed effects (all partialled-out values are close to zero; tol = 1.0e-09)
note: p_min is probably collinear with the fixed effects (all partialled-out values are close to zero; tol = 1.0e-09)
note: p_assists is probably collinear with the fixed effects (all partialled-out values are close to zero; tol = 1.0e-09)
note: p_blocks is probably collinear with the fixed effects (all partialled-out values are close to zero; tol = 1.0e-09)
note: p_rbd is probably collinear with the fixed effects (all partialled-out values are close to zero; tol = 1.0e-09)
note: p_rbo is probably collinear with the fixed effects (all partialled-out values are close to zero; tol = 1.0e-09)
note: p_steals is probably collinear with the fixed effects (all partialled-out values are close to zero; tol = 1.0e-09)
note: p_turnover is probably collinear with the fixed effects (all partialled-out values are close to zero; tol = 1.0e-09)
note: p_fta is probably collinear with the fixed effects (all partialled-out values are close to zero; tol = 1.0e-09)
note: p_fg2a is probably collinear with the fixed effects (all partialled-out values are close to zero; tol = 1.0e-09)
note: p_fg3a is probably collinear with the fixed effects (all partialled-out values are close to zero; tol = 1.0e-09)
note: p_fouls is probably collinear with the fixed effects (all partialled-out values are close to zero; tol = 1.0e-09)
note: p_fg2per is probably collinear with the fixed effects (all partialled-out values are close to zero; tol = 1.0e-09)
note: p_fg3per is probably collinear with the fixed effects (all partialled-out values are close to zero; tol = 1.0e-09)
note: p_ftper is probably collinear with the fixed effects (all partialled-out values are close to zero; tol = 1.0e-09)
note: p_zerofg2per is probably collinear with the fixed effects (all partialled-out values are close to zero; tol = 1.0e-09)
note: p_zerofg3per is probably collinear with the fixed effects (all partialled-out values are close to zero; tol = 1.0e-09)
note: p_zeroftper is probably collinear with the fixed effects (all partialled-out values are close to zero; tol = 1.0e-09)

HDFE Linear regression                            Number of obs   =    266,972
Absorbing 5 HDFE groups                           F(  38, 265474) =     134.06
                                                  Prob > F        =     0.0000
                                                  R-squared       =     0.1846
                                                  Adj R-squared   =     0.1800
                                                  Within R-sq.    =     0.0188
                                                  Root MSE        =     3.0245

----------------------------------------------------------------------------------------
            fouls_rate |      Coef.   Std. Err.      t    P>|t|     [95% Conf. Interval]
-----------------------+----------------------------------------------------------------
             fracwhite |          0  (omitted)
               1.black |          0  (omitted)
                       |
     black#c.fracwhite |
                    1  |   .1961762   .0726116     2.70   0.007     .0538594    .3384931
                       |
                   age |  -.7145062   .0481957   -14.83   0.000    -.8089686   -.6200439
              all_star |  -.4341708   .0626042    -6.94   0.000    -.5568732   -.3114683
               starter |  -1.003104   .0399491   -25.11   0.000    -1.081403   -.9248047
                  home |  -.2124911   .0327804    -6.48   0.000    -.2767397   -.1482424
                attend |   .0034471   .0045853     0.75   0.452      -.00554    .0124343
              out_cont |  -.1502422   .0713078    -2.11   0.035    -.2900036   -.0104808
           coach_black |  -.0790254   .0404822    -1.95   0.051    -.1583694    .0003185
                height |          0  (omitted)
                weight |          0  (omitted)
                center |          0  (omitted)
                 p_min |          0  (omitted)
             p_assists |          0  (omitted)
              p_blocks |          0  (omitted)
                 p_rbd |          0  (omitted)
                 p_rbo |          0  (omitted)
              p_steals |          0  (omitted)
            p_turnover |          0  (omitted)
                 p_fta |          0  (omitted)
                p_fg2a |          0  (omitted)
                p_fg3a |          0  (omitted)
               p_fouls |          0  (omitted)
              p_fg2per |          0  (omitted)
              p_fg3per |          0  (omitted)
               p_ftper |          0  (omitted)
          p_zerofg2per |          0  (omitted)
          p_zerofg3per |          0  (omitted)
           p_zeroftper |          0  (omitted)
 fracwhite_p_zeroftper |   1.940538   2.770794     0.70   0.484    -3.490142    7.371219
fracwhite_p_zerofg3per |   .1682054   .1968641     0.85   0.393    -.2176429    .5540537
fracwhite_p_zerofg2per |   45.24559   51.49402     0.88   0.380     -55.6813    146.1725
     fracwhite_p_ftper |   .4380597   .3982708     1.10   0.271    -.3425403     1.21866
    fracwhite_p_fg3per |   .2588743   .3002796     0.86   0.389    -.3296655    .8474142
    fracwhite_p_fg2per |   2.113137   .8231064     2.57   0.010     .4998713    3.726404
     fracwhite_p_fouls |   .0213845   .0284751     0.75   0.453     -.034426     .077195
      fracwhite_p_fg3a |   .0110405   .0170282     0.65   0.517    -.0223342    .0444153
      fracwhite_p_fg2a |  -.0044758   .0095553    -0.47   0.639     -.023204    .0142524
       fracwhite_p_fta |     -.0278   .0190494    -1.46   0.144    -.0651363    .0095364
  fracwhite_p_turnover |   .0164045   .0551617     0.30   0.766    -.0917109    .1245199
    fracwhite_p_steals |    .076136   .0529702     1.44   0.151    -.0276842    .1799561
       fracwhite_p_rbo |  -.0217881   .0401694    -0.54   0.588     -.100519    .0569429
       fracwhite_p_rbd |   .0185954   .0234597     0.79   0.428    -.0273849    .0645757
    fracwhite_p_blocks |   .0748239   .0412992     1.81   0.070    -.0061213    .1557691
   fracwhite_p_assists |  -.0044599   .0202803    -0.22   0.826    -.0442087    .0352889
       fracwhite_p_min |   4.06e-06   3.86e-06     1.05   0.293    -3.51e-06    .0000116
     fracwhite_ref3_id |   -.001643   .0007081    -2.32   0.020    -.0030309   -.0002552
     fracwhite_ref2_id |  -.0012144   .0007046    -1.72   0.085    -.0025955    .0001667
     fracwhite_ref1_id |  -.0005658   .0007947    -0.71   0.476    -.0021233    .0009918
      fracwhite_center |  -.2327554   .0954074    -2.44   0.015    -.4197513   -.0457595
      fracwhite_weight |  -.0011401   .0017099    -0.67   0.505    -.0044916    .0022113
      fracwhite_height |   .0079735   .0149402     0.53   0.594    -.0213088    .0372558
 fracwhite_coach_black |  -.0399178   .0546162    -0.73   0.465     -.146964    .0671284
    fracwhite_out_cont |   .0276126   .0973112     0.28   0.777    -.1631146    .2183398
      fracwhite_attend |   .0072421   .0062529     1.16   0.247    -.0050135    .0194977
     fracwhite_starter |   .0237217   .0542695     0.44   0.662    -.0826451    .1300885
    fracwhite_all_star |   .0767872   .0836311     0.92   0.359    -.0871274    .2407018
         fracwhite_age |  -.0147217   .0065489    -2.25   0.025    -.0275573    -.001886
        fracwhite_home |   .1281497   .0451266     2.84   0.005     .0397028    .2165965
                 _cons |   24.02135   1.582389    15.18   0.000     20.91991    27.12279
----------------------------------------------------------------------------------------

Absorbed degrees of freedom:
-----------------------------------------------------+
 Absorbed FE | Categories  - Redundant  = Num. Coefs |
-------------+---------------------------------------|
     ref1_id |        92           0          92     |
     ref2_id |        94           5          89     |
     ref3_id |        93           2          91    ?|
      player |      1178           1        1177    ?|
        year |        12           1          11    ?|
-----------------------------------------------------+
? = number of redundant parameters may be higher
(est2 stored)

.         
. // model 3
. eststo: reghdfe fouls_rate c.fracwhite##i.black $controls $player_fe  $player_perf $indicator $indicator_interaction $perf_interaction $re
> f_interaction $player_interaction $control_interaction player_year home_black team_game team_code game_id [aw=min], absorb($referee_fe pla
> yer year) 
(dropped 12 singleton observations)
(MWFE estimator converged in 15 iterations)
note: fracwhite is probably collinear with the fixed effects (all partialled-out values are close to zero; tol = 1.0e-09)
note: 1bn.black is probably collinear with the fixed effects (all partialled-out values are close to zero; tol = 1.0e-09)
note: height is probably collinear with the fixed effects (all partialled-out values are close to zero; tol = 1.0e-09)
note: weight is probably collinear with the fixed effects (all partialled-out values are close to zero; tol = 1.0e-09)
note: center is probably collinear with the fixed effects (all partialled-out values are close to zero; tol = 1.0e-09)
note: p_min is probably collinear with the fixed effects (all partialled-out values are close to zero; tol = 1.0e-09)
note: p_assists is probably collinear with the fixed effects (all partialled-out values are close to zero; tol = 1.0e-09)
note: p_blocks is probably collinear with the fixed effects (all partialled-out values are close to zero; tol = 1.0e-09)
note: p_rbd is probably collinear with the fixed effects (all partialled-out values are close to zero; tol = 1.0e-09)
note: p_rbo is probably collinear with the fixed effects (all partialled-out values are close to zero; tol = 1.0e-09)
note: p_steals is probably collinear with the fixed effects (all partialled-out values are close to zero; tol = 1.0e-09)
note: p_turnover is probably collinear with the fixed effects (all partialled-out values are close to zero; tol = 1.0e-09)
note: p_fta is probably collinear with the fixed effects (all partialled-out values are close to zero; tol = 1.0e-09)
note: p_fg2a is probably collinear with the fixed effects (all partialled-out values are close to zero; tol = 1.0e-09)
note: p_fg3a is probably collinear with the fixed effects (all partialled-out values are close to zero; tol = 1.0e-09)
note: p_fouls is probably collinear with the fixed effects (all partialled-out values are close to zero; tol = 1.0e-09)
note: p_fg2per is probably collinear with the fixed effects (all partialled-out values are close to zero; tol = 1.0e-09)
note: p_fg3per is probably collinear with the fixed effects (all partialled-out values are close to zero; tol = 1.0e-09)
note: p_ftper is probably collinear with the fixed effects (all partialled-out values are close to zero; tol = 1.0e-09)
note: p_zerofg2per is probably collinear with the fixed effects (all partialled-out values are close to zero; tol = 1.0e-09)
note: p_zerofg3per is probably collinear with the fixed effects (all partialled-out values are close to zero; tol = 1.0e-09)
note: p_zeroftper is probably collinear with the fixed effects (all partialled-out values are close to zero; tol = 1.0e-09)

HDFE Linear regression                            Number of obs   =    266,957
Absorbing 5 HDFE groups                           F(  43, 265454) =     119.01
                                                  Prob > F        =     0.0000
                                                  R-squared       =     0.1847
                                                  Adj R-squared   =     0.1801
                                                  Within R-sq.    =     0.0189
                                                  Root MSE        =     3.0245

----------------------------------------------------------------------------------------
            fouls_rate |      Coef.   Std. Err.      t    P>|t|     [95% Conf. Interval]
-----------------------+----------------------------------------------------------------
             fracwhite |          0  (omitted)
               1.black |          0  (omitted)
                       |
     black#c.fracwhite |
                    1  |   .1955076   .0726197     2.69   0.007     .0531749    .3378403
                       |
                   age |    1.85151    1.00399     1.84   0.065    -.1162831    3.819303
              all_star |   -.435534   .0626111    -6.96   0.000      -.55825   -.3128179
               starter |  -1.003982   .0399553   -25.13   0.000    -1.082293    -.925671
                  home |  -.1424258   .0418423    -3.40   0.001    -.2244355   -.0604161
                attend |   .0036188   .0045873     0.79   0.430    -.0053722    .0126097
              out_cont |  -.1374122   .0715218    -1.92   0.055     -.277593    .0027687
           coach_black |  -.0798724   .0405501    -1.97   0.049    -.1593494   -.0003954
                height |          0  (omitted)
                weight |          0  (omitted)
                center |          0  (omitted)
                 p_min |          0  (omitted)
             p_assists |          0  (omitted)
              p_blocks |          0  (omitted)
                 p_rbd |          0  (omitted)
                 p_rbo |          0  (omitted)
              p_steals |          0  (omitted)
            p_turnover |          0  (omitted)
                 p_fta |          0  (omitted)
                p_fg2a |          0  (omitted)
                p_fg3a |          0  (omitted)
               p_fouls |          0  (omitted)
              p_fg2per |          0  (omitted)
              p_fg3per |          0  (omitted)
               p_ftper |          0  (omitted)
          p_zerofg2per |          0  (omitted)
          p_zerofg3per |          0  (omitted)
           p_zeroftper |          0  (omitted)
 fracwhite_p_zeroftper |   1.928323   2.770753     0.70   0.486    -3.502277    7.358924
fracwhite_p_zerofg3per |   .1672386   .1968614     0.85   0.396    -.2186043    .5530816
fracwhite_p_zerofg2per |   45.28096   51.49308     0.88   0.379    -55.64408     146.206
     fracwhite_p_ftper |   .4414499    .398301     1.11   0.268    -.3392092    1.222109
    fracwhite_p_fg3per |   .2538346   .3002911     0.85   0.398    -.3347278     .842397
    fracwhite_p_fg2per |   2.100815   .8231348     2.55   0.011     .4874926    3.714136
     fracwhite_p_fouls |   .0208285   .0284765     0.73   0.465    -.0349846    .0766417
      fracwhite_p_fg3a |   .0110516     .01703     0.65   0.516    -.0223268    .0444299
      fracwhite_p_fg2a |  -.0044473   .0095555    -0.47   0.642    -.0231758    .0142813
       fracwhite_p_fta |  -.0287458   .0190521    -1.51   0.131    -.0660874    .0085957
  fracwhite_p_turnover |   .0168979    .055164     0.31   0.759     -.091222    .1250177
    fracwhite_p_steals |   .0758903   .0529766     1.43   0.152    -.0279423    .1797229
       fracwhite_p_rbo |   -.021007   .0401725    -0.52   0.601     -.099744    .0577301
       fracwhite_p_rbd |   .0185112   .0234607     0.79   0.430    -.0274711    .0644935
    fracwhite_p_blocks |   .0748593   .0413036     1.81   0.070    -.0060946    .1558132
   fracwhite_p_assists |  -.0053411   .0202832    -0.26   0.792    -.0450957    .0344134
       fracwhite_p_min |   4.08e-06   3.86e-06     1.06   0.291    -3.50e-06    .0000117
     fracwhite_ref3_id |  -.0016458   .0007081    -2.32   0.020    -.0030337   -.0002579
     fracwhite_ref2_id |  -.0012072   .0007047    -1.71   0.087    -.0025883    .0001739
     fracwhite_ref1_id |  -.0005704   .0007947    -0.72   0.473    -.0021279    .0009871
      fracwhite_center |  -.2318799   .0954105    -2.43   0.015     -.418882   -.0448779
      fracwhite_weight |  -.0011728     .00171    -0.69   0.493    -.0045243    .0021787
      fracwhite_height |   .0074558   .0149431     0.50   0.618    -.0218323    .0367439
 fracwhite_coach_black |    -.03969   .0546264    -0.73   0.467    -.1467564    .0673763
    fracwhite_out_cont |   .0209171   .0973471     0.21   0.830    -.1698805    .2117148
      fracwhite_attend |   .0071892   .0062536     1.15   0.250    -.0050678    .0194462
     fracwhite_starter |   .0236859   .0542719     0.44   0.663    -.0826855    .1300573
    fracwhite_all_star |    .077543   .0836334     0.93   0.354    -.0863763    .2414623
         fracwhite_age |  -.0148398   .0065491    -2.27   0.023    -.0276759   -.0020038
        fracwhite_home |   .1284131   .0451299     2.85   0.004     .0399598    .2168664
           player_year |  -.0000115   7.43e-06    -1.55   0.122    -.0000261    3.06e-06
            home_black |   -.084467   .0313499    -2.69   0.007     -.145912    -.023022
             team_game |  -5.20e-07   2.55e-07    -2.04   0.041    -1.02e-06   -2.13e-08
             team_code |   .0045196   .0019478     2.32   0.020      .000702    .0083373
               game_id |  -.0010725   .0004226    -2.54   0.011    -.0019007   -.0002443
                 _cons |  -26.61984   26.75259    -1.00   0.320    -79.05418    25.81451
----------------------------------------------------------------------------------------

Absorbed degrees of freedom:
-----------------------------------------------------+
 Absorbed FE | Categories  - Redundant  = Num. Coefs |
-------------+---------------------------------------|
     ref1_id |        92           0          92     |
     ref2_id |        94           5          89     |
     ref3_id |        93           2          91    ?|
      player |      1178           1        1177    ?|
        year |        12           1          11    ?|
-----------------------------------------------------+
? = number of redundant parameters may be higher
(est3 stored)

. 
. // export result
. esttab using "./replicate_table.tex", append label title (Replicated Regression Table \label{tab2})  keep("1.black#c.fracwhite" "age" "all
> _star" "starter" "home" "attend" "out_cont" "coach_black")
(output written to ./replicate_table.tex)

. 
. est clear

. 
. /*=================================*/
. log close labour_winter_pset1_Po_Jui_Huang
      name:  labour_winter_pset1_Po_Jui_Huang
       log:  C:\Users\user0522\Documents\GitHub\predoc-coding-sample-Po-Jui-Huang\labour_econ_winter_pset\labour_winter_pset1_Po-Jui_Huang.l
> og
  log type:  text
 closed on:  30 Jan 2026, 23:20:18
--------------------------------------------------------------------------------------------------------------------------------------------
